<?xml version="1.0" encoding="UTF-8"?>
<testng-results skipped="0" failed="2" ignored="0" total="7" passed="5">
  <reporter-output>
  </reporter-output>
  <suite name="Suite" duration-ms="122" started-at="2021-12-07T21:56:53 EST" finished-at="2021-12-07T21:56:53 EST">
    <groups>
    </groups>
    <test name="Test" duration-ms="122" started-at="2021-12-07T21:56:53 EST" finished-at="2021-12-07T21:56:53 EST">
      <class name="com.Home.DataProviderFinal">
        <test-method status="PASS" signature="userTest(java.lang.String,java.lang.String)[pri:0, instance:com.Home.DataProviderFinal@3043fe0e]" name="userTest" duration-ms="1" started-at="2021-12-07T21:56:53 EST" data-provider="createData" finished-at="2021-12-07T21:56:53 EST">
          <params>
            <param index="0">
              <value>
                <![CDATA[user1]]>
              </value>
            </param>
            <param index="1">
              <value>
                <![CDATA[password1]]>
              </value>
            </param>
          </params>
          <reporter-output>
          </reporter-output>
        </test-method> <!-- userTest -->
        <test-method status="PASS" signature="userTest(java.lang.String,java.lang.String)[pri:0, instance:com.Home.DataProviderFinal@3043fe0e]" name="userTest" duration-ms="1" started-at="2021-12-07T21:56:53 EST" data-provider="createData" finished-at="2021-12-07T21:56:53 EST">
          <params>
            <param index="0">
              <value>
                <![CDATA[user2]]>
              </value>
            </param>
            <param index="1">
              <value>
                <![CDATA[password2]]>
              </value>
            </param>
          </params>
          <reporter-output>
          </reporter-output>
        </test-method> <!-- userTest -->
        <test-method status="PASS" signature="userTest(java.lang.String,java.lang.String)[pri:0, instance:com.Home.DataProviderFinal@3043fe0e]" name="userTest" duration-ms="1" started-at="2021-12-07T21:56:53 EST" data-provider="createData" finished-at="2021-12-07T21:56:53 EST">
          <params>
            <param index="0">
              <value>
                <![CDATA[user3]]>
              </value>
            </param>
            <param index="1">
              <value>
                <![CDATA[password3]]>
              </value>
            </param>
          </params>
          <reporter-output>
          </reporter-output>
        </test-method> <!-- userTest -->
      </class> <!-- com.Home.DataProviderFinal -->
      <class name="com.Home.FirstUse">
        <test-method status="PASS" signature="beforeSuit()[pri:0, instance:com.Home.FirstUse@2bbf4b8b]" name="beforeSuit" is-config="true" duration-ms="13" started-at="2021-12-07T21:56:53 EST" finished-at="2021-12-07T21:56:53 EST">
          <reporter-output>
          </reporter-output>
        </test-method> <!-- beforeSuit -->
        <test-method status="PASS" signature="beforeTest()[pri:0, instance:com.Home.FirstUse@2bbf4b8b]" name="beforeTest" is-config="true" duration-ms="0" started-at="2021-12-07T21:56:53 EST" finished-at="2021-12-07T21:56:53 EST">
          <reporter-output>
          </reporter-output>
        </test-method> <!-- beforeTest -->
        <test-method status="PASS" signature="beforeClass()[pri:0, instance:com.Home.FirstUse@2bbf4b8b]" name="beforeClass" is-config="true" duration-ms="0" started-at="2021-12-07T21:56:53 EST" finished-at="2021-12-07T21:56:53 EST">
          <reporter-output>
          </reporter-output>
        </test-method> <!-- beforeClass -->
        <test-method status="PASS" signature="beforeMethod()[pri:0, instance:com.Home.FirstUse@2bbf4b8b]" name="beforeMethod" is-config="true" duration-ms="1" started-at="2021-12-07T21:56:53 EST" finished-at="2021-12-07T21:56:53 EST">
          <reporter-output>
          </reporter-output>
        </test-method> <!-- beforeMethod -->
        <test-method status="PASS" signature="finalTest()[pri:0, instance:com.Home.FirstUse@2bbf4b8b]" name="finalTest" duration-ms="10" started-at="2021-12-07T21:56:53 EST" finished-at="2021-12-07T21:56:53 EST">
          <reporter-output>
          </reporter-output>
        </test-method> <!-- finalTest -->
        <test-method status="PASS" signature="afterMethod()[pri:0, instance:com.Home.FirstUse@2bbf4b8b]" name="afterMethod" is-config="true" duration-ms="1" started-at="2021-12-07T21:56:53 EST" finished-at="2021-12-07T21:56:53 EST">
          <reporter-output>
          </reporter-output>
        </test-method> <!-- afterMethod -->
        <test-method status="PASS" signature="beforeMethod()[pri:0, instance:com.Home.FirstUse@2bbf4b8b]" name="beforeMethod" is-config="true" duration-ms="0" started-at="2021-12-07T21:56:53 EST" finished-at="2021-12-07T21:56:53 EST">
          <reporter-output>
          </reporter-output>
        </test-method> <!-- beforeMethod -->
        <test-method status="PASS" signature="finalTest2()[pri:0, instance:com.Home.FirstUse@2bbf4b8b]" name="finalTest2" duration-ms="1" started-at="2021-12-07T21:56:53 EST" finished-at="2021-12-07T21:56:53 EST">
          <reporter-output>
          </reporter-output>
        </test-method> <!-- finalTest2 -->
        <test-method status="PASS" signature="afterMethod()[pri:0, instance:com.Home.FirstUse@2bbf4b8b]" name="afterMethod" is-config="true" duration-ms="1" started-at="2021-12-07T21:56:53 EST" finished-at="2021-12-07T21:56:53 EST">
          <reporter-output>
          </reporter-output>
        </test-method> <!-- afterMethod -->
        <test-method status="FAIL" signature="pTest(java.lang.String)[pri:0, instance:com.Home.FirstUse@2bbf4b8b]" name="pTest" duration-ms="0" started-at="2021-12-07T21:56:53 EST" finished-at="2021-12-07T21:56:53 EST">
          <exception class="org.testng.TestNGException">
            <message>
              <![CDATA[
Cannot inject @Test annotated Method [pTest] with [class java.lang.String].
For more information on native dependency injection please refer to https://testng.org/doc/documentation-main.html#native-dependency-injection]]>
            </message>
            <full-stacktrace>
              <![CDATA[org.testng.TestNGException: 
Cannot inject @Test annotated Method [pTest] with [class java.lang.String].
For more information on native dependency injection please refer to https://testng.org/doc/documentation-main.html#native-dependency-injection
at org.testng.internal.Parameters.checkParameterTypes(Parameters.java:439)
at org.testng.internal.Parameters.createParametersForMethod(Parameters.java:353)
at org.testng.internal.Parameters.createParameters(Parameters.java:708)
at org.testng.internal.Parameters.handleParameters(Parameters.java:884)
at org.testng.internal.Parameters.handleParameters(Parameters.java:740)
at org.testng.internal.ParameterHandler.handleParameters(ParameterHandler.java:59)
at org.testng.internal.ParameterHandler.createParameters(ParameterHandler.java:38)
at org.testng.internal.TestInvoker$MethodInvocationAgent.invoke(TestInvoker.java:791)
at org.testng.internal.TestInvoker.invokeTestMethods(TestInvoker.java:146)
at org.testng.internal.TestMethodWorker.invokeTestMethods(TestMethodWorker.java:146)
at org.testng.internal.TestMethodWorker.run(TestMethodWorker.java:128)
at java.util.ArrayList.forEach(ArrayList.java:1259)
at org.testng.TestRunner.privateRun(TestRunner.java:794)
at org.testng.TestRunner.run(TestRunner.java:596)
at org.testng.SuiteRunner.runTest(SuiteRunner.java:377)
at org.testng.SuiteRunner.runSequentially(SuiteRunner.java:371)
at org.testng.SuiteRunner.privateRun(SuiteRunner.java:332)
at org.testng.SuiteRunner.run(SuiteRunner.java:276)
at org.testng.SuiteRunnerWorker.runSuite(SuiteRunnerWorker.java:53)
at org.testng.SuiteRunnerWorker.run(SuiteRunnerWorker.java:96)
at org.testng.TestNG.runSuitesSequentially(TestNG.java:1212)
at org.testng.TestNG.runSuitesLocally(TestNG.java:1134)
at org.testng.TestNG.runSuites(TestNG.java:1063)
at org.testng.TestNG.run(TestNG.java:1031)
at org.testng.remote.AbstractRemoteTestNG.run(AbstractRemoteTestNG.java:115)
at org.testng.remote.RemoteTestNG.initAndRun(RemoteTestNG.java:251)
at org.testng.remote.RemoteTestNG.main(RemoteTestNG.java:77)
]]>
            </full-stacktrace>
          </exception> <!-- org.testng.TestNGException -->
          <reporter-output>
          </reporter-output>
        </test-method> <!-- pTest -->
        <test-method status="PASS" signature="afterClass()[pri:0, instance:com.Home.FirstUse@2bbf4b8b]" name="afterClass" is-config="true" duration-ms="1" started-at="2021-12-07T21:56:53 EST" finished-at="2021-12-07T21:56:53 EST">
          <reporter-output>
          </reporter-output>
        </test-method> <!-- afterClass -->
        <test-method status="PASS" signature="afterTest()[pri:0, instance:com.Home.FirstUse@2bbf4b8b]" name="afterTest" is-config="true" duration-ms="0" started-at="2021-12-07T21:56:53 EST" finished-at="2021-12-07T21:56:53 EST">
          <reporter-output>
          </reporter-output>
        </test-method> <!-- afterTest -->
        <test-method status="PASS" signature="afterSuit()[pri:0, instance:com.Home.FirstUse@2bbf4b8b]" name="afterSuit" is-config="true" duration-ms="3" started-at="2021-12-07T21:56:53 EST" finished-at="2021-12-07T21:56:53 EST">
          <reporter-output>
          </reporter-output>
        </test-method> <!-- afterSuit -->
      </class> <!-- com.Home.FirstUse -->
      <class name="com.Home.GroupsTest">
        <test-method status="FAIL" signature="addition(int,int,int)[pri:0, instance:com.Home.GroupsTest@17d677df]" name="addition" duration-ms="0" started-at="2021-12-07T21:56:53 EST" finished-at="2021-12-07T21:56:53 EST">
          <exception class="org.testng.TestNGException">
            <message>
              <![CDATA[
Cannot inject @Test annotated Method [addition] with [int, int, int].
For more information on native dependency injection please refer to https://testng.org/doc/documentation-main.html#native-dependency-injection]]>
            </message>
            <full-stacktrace>
              <![CDATA[org.testng.TestNGException: 
Cannot inject @Test annotated Method [addition] with [int, int, int].
For more information on native dependency injection please refer to https://testng.org/doc/documentation-main.html#native-dependency-injection
at org.testng.internal.Parameters.checkParameterTypes(Parameters.java:439)
at org.testng.internal.Parameters.createParametersForMethod(Parameters.java:353)
at org.testng.internal.Parameters.createParameters(Parameters.java:708)
at org.testng.internal.Parameters.handleParameters(Parameters.java:884)
at org.testng.internal.Parameters.handleParameters(Parameters.java:740)
at org.testng.internal.ParameterHandler.handleParameters(ParameterHandler.java:59)
at org.testng.internal.ParameterHandler.createParameters(ParameterHandler.java:38)
at org.testng.internal.TestInvoker$MethodInvocationAgent.invoke(TestInvoker.java:791)
at org.testng.internal.TestInvoker.invokeTestMethods(TestInvoker.java:146)
at org.testng.internal.TestMethodWorker.invokeTestMethods(TestMethodWorker.java:146)
at org.testng.internal.TestMethodWorker.run(TestMethodWorker.java:128)
at java.util.ArrayList.forEach(ArrayList.java:1259)
at org.testng.TestRunner.privateRun(TestRunner.java:794)
at org.testng.TestRunner.run(TestRunner.java:596)
at org.testng.SuiteRunner.runTest(SuiteRunner.java:377)
at org.testng.SuiteRunner.runSequentially(SuiteRunner.java:371)
at org.testng.SuiteRunner.privateRun(SuiteRunner.java:332)
at org.testng.SuiteRunner.run(SuiteRunner.java:276)
at org.testng.SuiteRunnerWorker.runSuite(SuiteRunnerWorker.java:53)
at org.testng.SuiteRunnerWorker.run(SuiteRunnerWorker.java:96)
at org.testng.TestNG.runSuitesSequentially(TestNG.java:1212)
at org.testng.TestNG.runSuitesLocally(TestNG.java:1134)
at org.testng.TestNG.runSuites(TestNG.java:1063)
at org.testng.TestNG.run(TestNG.java:1031)
at org.testng.remote.AbstractRemoteTestNG.run(AbstractRemoteTestNG.java:115)
at org.testng.remote.RemoteTestNG.initAndRun(RemoteTestNG.java:251)
at org.testng.remote.RemoteTestNG.main(RemoteTestNG.java:77)
]]>
            </full-stacktrace>
          </exception> <!-- org.testng.TestNGException -->
          <reporter-output>
          </reporter-output>
        </test-method> <!-- addition -->
      </class> <!-- com.Home.GroupsTest -->
    </test> <!-- Test -->
  </suite> <!-- Suite -->
</testng-results>
